{
  "uid" : "351ca4f249846049",
  "name" : "test_login_failure",
  "fullName" : "test_feature_story.TestLogin#test_login_failure",
  "historyId" : "a58c5550e5c40eb80abda2e84e87077a",
  "time" : {
    "start" : 1629854784740,
    "stop" : 1629854784741,
    "duration" : 1
  },
  "status" : "failed",
  "statusMessage" : "AssertionError: assert '1' == 1",
  "statusTrace" : "self = <test_allure.test_feature_story.TestLogin object at 0x000001C2F6A8AC70>\n\n    @allure.story(\"密码缺失\")\n    def test_login_failure(self):\n        with allure.step(\"点击用户名\"):\n            print(\"点击用户名\")\n        with allure.step(\"点击密码\"):\n            print(\"输入密码\")\n        with allure.step(\"点击登录之后登录失败\"):\n>           assert '1' == 1\nE           AssertionError: assert '1' == 1\n\ntest_feature_story.py:51: AssertionError",
  "flaky" : false,
  "newFailed" : false,
  "beforeStages" : [ ],
  "testStage" : {
    "status" : "failed",
    "statusMessage" : "AssertionError: assert '1' == 1",
    "statusTrace" : "self = <test_allure.test_feature_story.TestLogin object at 0x000001C2F6A8AC70>\n\n    @allure.story(\"密码缺失\")\n    def test_login_failure(self):\n        with allure.step(\"点击用户名\"):\n            print(\"点击用户名\")\n        with allure.step(\"点击密码\"):\n            print(\"输入密码\")\n        with allure.step(\"点击登录之后登录失败\"):\n>           assert '1' == 1\nE           AssertionError: assert '1' == 1\n\ntest_feature_story.py:51: AssertionError",
    "steps" : [ {
      "name" : "点击用户名",
      "time" : {
        "start" : 1629854784740,
        "stop" : 1629854784740,
        "duration" : 0
      },
      "status" : "passed",
      "steps" : [ ],
      "attachments" : [ ],
      "parameters" : [ ],
      "attachmentsCount" : 0,
      "shouldDisplayMessage" : false,
      "hasContent" : false,
      "stepsCount" : 0
    }, {
      "name" : "点击密码",
      "time" : {
        "start" : 1629854784740,
        "stop" : 1629854784740,
        "duration" : 0
      },
      "status" : "passed",
      "steps" : [ ],
      "attachments" : [ ],
      "parameters" : [ ],
      "attachmentsCount" : 0,
      "shouldDisplayMessage" : false,
      "hasContent" : false,
      "stepsCount" : 0
    }, {
      "name" : "点击登录之后登录失败",
      "time" : {
        "start" : 1629854784740,
        "stop" : 1629854784741,
        "duration" : 1
      },
      "status" : "failed",
      "statusMessage" : "AssertionError: assert '1' == 1\n",
      "statusTrace" : "  File \"C:\\Users\\Administrator\\PycharmProjects\\TestPytest\\test_allure\\test_feature_story.py\", line 51, in test_login_failure\n    assert '1' == 1\n",
      "steps" : [ ],
      "attachments" : [ ],
      "parameters" : [ ],
      "attachmentsCount" : 0,
      "shouldDisplayMessage" : true,
      "hasContent" : true,
      "stepsCount" : 0
    } ],
    "attachments" : [ {
      "uid" : "38e9b1c350db32fb",
      "name" : "stdout",
      "source" : "38e9b1c350db32fb.txt",
      "type" : "text/plain",
      "size" : 29
    } ],
    "parameters" : [ ],
    "attachmentsCount" : 1,
    "shouldDisplayMessage" : true,
    "hasContent" : true,
    "stepsCount" : 3
  },
  "afterStages" : [ ],
  "labels" : [ {
    "name" : "story",
    "value" : "密码缺失"
  }, {
    "name" : "feature",
    "value" : "登录模块"
  }, {
    "name" : "suite",
    "value" : "test_feature_story"
  }, {
    "name" : "subSuite",
    "value" : "TestLogin"
  }, {
    "name" : "host",
    "value" : "DESKTOP-GRKQKVO"
  }, {
    "name" : "thread",
    "value" : "51464-MainThread"
  }, {
    "name" : "framework",
    "value" : "pytest"
  }, {
    "name" : "language",
    "value" : "cpython3"
  }, {
    "name" : "package",
    "value" : "test_feature_story"
  }, {
    "name" : "resultFormat",
    "value" : "allure2"
  } ],
  "parameters" : [ ],
  "links" : [ ],
  "hidden" : false,
  "retry" : false,
  "extra" : {
    "severity" : "normal",
    "retries" : [ ],
    "categories" : [ {
      "name" : "Product defects",
      "matchedStatuses" : [ ],
      "flaky" : false
    } ],
    "tags" : [ ]
  },
  "source" : "351ca4f249846049.json",
  "parameterValues" : [ ]
}